<?xml version="1.0" encoding="UTF-8"?>
<testsuite xmlns:xsi="http://www.w3.org/2001/XMLSchema-instance" xsi:noNamespaceSchemaLocation="https://maven.apache.org/surefire/maven-surefire-plugin/xsd/surefire-test-report-3.0.xsd" version="3.0" name="ProyectoCinePersistencia.dao.pelicula.PeliculaTest" time="0.045" tests="5" errors="0" skipped="0" failures="0">
  <properties>
[...]
</properties>
  <testcase name="testCrearPelicula" classname="ProyectoCinePersistencia.dao.pelicula.PeliculaTest" time="0.01">
    <system-out><![CDATA[Pelicula Creada: Pelicula{idPelicula=180, titulo='Test Pelicula', sinopsis='Test Sinopsis', duracion=120, fechaEstreno='2023-01-01', idCategoria=1}
]]></system-out>
  </testcase>
  <testcase name="testActualizarPelicula" classname="ProyectoCinePersistencia.dao.pelicula.PeliculaTest" time="0.008">
    <system-out><![CDATA[Actualizando Pelicula: Pelicula{idPelicula=181, titulo='Nuevo Titulo', sinopsis='Test Sinopsis', duracion=120, fechaEstreno='2023-01-01', idCategoria=1}
Pelicula Actualizada: Pelicula{idPelicula=181, titulo='Nuevo Titulo', sinopsis='Test Sinopsis', duracion=120, fechaEstreno='2023-01-01', idCategoria=1}
]]></system-out>
  </testcase>
  <testcase name="testEliminarPelicula" classname="ProyectoCinePersistencia.dao.pelicula.PeliculaTest" time="0.01">
    <system-out><![CDATA[Pelicula a Eliminar: Pelicula{idPelicula=182, titulo='Test Pelicula', sinopsis='Test Sinopsis', duracion=120, fechaEstreno='2023-01-01', idCategoria=1}
Lista de Peliculas después de Eliminar:
Pelicula{idPelicula=2, titulo='Risas y Lagrimas', sinopsis='A thriller that bends the mind', duracion=90, fechaEstreno='2024-05-15', idCategoria=2}
Pelicula{idPelicula=3, titulo='Misterios del Pasado', sinopsis='Un detective investiga un antiguo misterio en una pequeña ciudad.', duracion=110, fechaEstreno='2024-05-22', idCategoria=3}
Pelicula{idPelicula=4, titulo='Noche de Miedo', sinopsis='Un grupo de jóvenes lucha por sobrevivir en una noche llena de terror.', duracion=100, fechaEstreno='2024-05-29', idCategoria=4}
Pelicula{idPelicula=5, titulo='El Futuro es Hoy', sinopsis='Una visión futurista donde la tecnología domina cada aspecto de la vida.', duracion=130, fechaEstreno='2024-06-05', idCategoria=5}
Pelicula{idPelicula=6, titulo='Aventuras Animadas', sinopsis='Un divertido viaje animado lleno de risas y enseñanzas.', duracion=85, fechaEstreno='2024-06-12', idCategoria=6}
Pelicula{idPelicula=1, titulo='La Gran Aventura', sinopsis='Un grupo de amigos emprende una épica travesía para salvar su hogar.', duracion=120, fechaEstreno='2024-06-01', idCategoria=0}
]]></system-out>
  </testcase>
  <testcase name="testListarPeliculas" classname="ProyectoCinePersistencia.dao.pelicula.PeliculaTest" time="0.008">
    <system-out><![CDATA[Lista de Peliculas:
Pelicula{idPelicula=2, titulo='Risas y Lagrimas', sinopsis='A thriller that bends the mind', duracion=90, fechaEstreno='2024-05-15', idCategoria=2}
Pelicula{idPelicula=3, titulo='Misterios del Pasado', sinopsis='Un detective investiga un antiguo misterio en una pequeña ciudad.', duracion=110, fechaEstreno='2024-05-22', idCategoria=3}
Pelicula{idPelicula=4, titulo='Noche de Miedo', sinopsis='Un grupo de jóvenes lucha por sobrevivir en una noche llena de terror.', duracion=100, fechaEstreno='2024-05-29', idCategoria=4}
Pelicula{idPelicula=5, titulo='El Futuro es Hoy', sinopsis='Una visión futurista donde la tecnología domina cada aspecto de la vida.', duracion=130, fechaEstreno='2024-06-05', idCategoria=5}
Pelicula{idPelicula=6, titulo='Aventuras Animadas', sinopsis='Un divertido viaje animado lleno de risas y enseñanzas.', duracion=85, fechaEstreno='2024-06-12', idCategoria=6}
Pelicula{idPelicula=1, titulo='La Gran Aventura', sinopsis='Un grupo de amigos emprende una épica travesía para salvar su hogar.', duracion=120, fechaEstreno='2024-06-01', idCategoria=0}
Pelicula{idPelicula=183, titulo='Test Pelicula', sinopsis='Test Sinopsis', duracion=120, fechaEstreno='2023-01-01', idCategoria=1}
]]></system-out>
  </testcase>
  <testcase name="testBuscarPelicula" classname="ProyectoCinePersistencia.dao.pelicula.PeliculaTest" time="0.006">
    <system-out><![CDATA[Pelicula Encontrada: Pelicula{idPelicula=184, titulo='Test Pelicula', sinopsis='Test Sinopsis', duracion=120, fechaEstreno='2023-01-01', idCategoria=1}
]]></system-out>
  </testcase>
</testsuite>